<?xml version="1.0" encoding="UTF-8"?>
<testng-results skipped="0" failed="0" ignored="0" total="1" passed="1">
  <reporter-output>
  </reporter-output>
  <suite name="Default suite" duration-ms="6735" started-at="2020-02-24T05:53:27Z" finished-at="2020-02-24T05:53:34Z">
    <groups>
    </groups>
    <test name="Default test" duration-ms="6735" started-at="2020-02-24T05:53:27Z" finished-at="2020-02-24T05:53:34Z">
      <class name="Demo.launchBrowser">
        <test-method status="PASS" signature="openFireFox()[pri:0, instance:Demo.launchBrowser@55f3ddb1]" name="openFireFox" duration-ms="6680" started-at="2020-02-24T05:53:27Z" finished-at="2020-02-24T05:53:34Z">
          <reporter-output>
          </reporter-output>
        </test-method> <!-- openFireFox -->
      </class> <!-- Demo.launchBrowser -->
    </test> <!-- Default test -->
  </suite> <!-- Default suite -->
</testng-results>
